#
# There is insufficient memory for the Java Runtime Environment to continue.
# Native memory allocation (mmap) failed to map 268435456 bytes for Failed to commit area from 0x0000000701e00000 to 0x0000000711e00000 of length 268435456.
# Possible reasons:
#   The system is out of physical RAM or swap space
#   The process is running with CompressedOops enabled, and the Java Heap may be blocking the growth of the native heap
# Possible solutions:
#   Reduce memory load on the system
#   Increase physical memory or swap space
#   Check if swap backing store is full
#   Decrease Java heap size (-Xmx/-Xms)
#   Decrease number of Java threads
#   Decrease Java thread stack sizes (-Xss)
#   Set larger code cache with -XX:ReservedCodeCacheSize=
#   JVM is running with Zero Based Compressed Oops mode in which the Java heap is
#     placed in the first 32GB address space. The Java Heap base address is the
#     maximum limit for the native heap growth. Please use -XX:HeapBaseMinAddress
#     to set the Java Heap base and to place the Java Heap above 32GB virtual address.
# This output file may be truncated or incomplete.
#
#  Out of Memory Error (./open/src/hotspot/os/windows/os_windows.cpp:3315), pid=40692, tid=11244
#
# JRE version:  (14.0.1+7) (build )
# Java VM: Java HotSpot(TM) 64-Bit Server VM (14.0.1+7, mixed mode, sharing, tiered, compressed oops, g1 gc, windows-amd64)
# No core dump will be written. Minidumps are not enabled by default on client versions of Windows
#

---------------  S U M M A R Y ------------

Command Line: -Dmaven.multiModuleProjectDirectory=C:\Billy\github\JavaExample -Dmaven.home=C:\Program Files\JetBrains\IntelliJ IDEA Community Edition 2020.1.2\plugins\maven\lib\maven3 -Dclassworlds.conf=C:\Program Files\JetBrains\IntelliJ IDEA Community Edition 2020.1.2\plugins\maven\lib\maven3\bin\m2.conf -Dmaven.ext.class.path=C:\Program Files\JetBrains\IntelliJ IDEA Community Edition 2020.1.2\plugins\maven\lib\maven-event-listener.jar -javaagent:C:\Program Files\JetBrains\IntelliJ IDEA Community Edition 2020.1.2\lib\idea_rt.jar=62178:C:\Program Files\JetBrains\IntelliJ IDEA Community Edition 2020.1.2\bin -Dfile.encoding=UTF-8 org.codehaus.classworlds.Launcher -Didea.version=2020.3.1 clean

Host: Intel(R) Core(TM) i5-7440HQ CPU @ 2.80GHz, 4 cores, 15G,  Windows 10 , 64 bit Build 17763 (10.0.17763.475)
Time: Wed Jan  6 16:42:54 2021 Eastern Standard Time elapsed time: 0 seconds (0d 0h 0m 0s)

---------------  T H R E A D  ---------------

Current thread (0x000001d477644000):  JavaThread "Unknown thread" [_thread_in_vm, id=11244, stack(0x0000000db7900000,0x0000000db7a00000)]

Stack: [0x0000000db7900000,0x0000000db7a00000]
Native frames: (J=compiled Java code, j=interpreted, Vv=VM code, C=native code)
V  [jvm.dll+0x5f840a]
V  [jvm.dll+0x741e4a]
V  [jvm.dll+0x7435ff]
V  [jvm.dll+0x743c43]
V  [jvm.dll+0x20d288]
V  [jvm.dll+0x5f57ba]
V  [jvm.dll+0x5ea615]
V  [jvm.dll+0x2c7e9c]
V  [jvm.dll+0x2c7cd2]
V  [jvm.dll+0x2cdbbc]
V  [jvm.dll+0x313ff8]
V  [jvm.dll+0x313720]
V  [jvm.dll+0x2a092a]
V  [jvm.dll+0x2a1a79]
V  [jvm.dll+0x71f718]
V  [jvm.dll+0x321c44]
V  [jvm.dll+0x700b0c]
V  [jvm.dll+0x392dff]
V  [jvm.dll+0x394e71]
C  [jli.dll+0x523b]
C  [ucrtbase.dll+0x2268a]
C  [KERNEL32.DLL+0x17974]
C  [ntdll.dll+0x5a0b1]


---------------  P R O C E S S  ---------------

Threads class SMR info:
_java_thread_list=0x00007ffc719b3078, length=0, elements={
}

Java Threads: ( => current thread )

Other Threads:
  0x000001d4776aa000 GCTaskThread "GC Thread#0" [stack: 0x0000000db7a00000,0x0000000db7b00000] [id=16252]
  0x000001d4776cd800 ConcurrentGCThread "G1 Main Marker" [stack: 0x0000000db7b00000,0x0000000db7c00000] [id=46496]
  0x000001d4776ce800 ConcurrentGCThread "G1 Conc#0" [stack: 0x0000000db7c00000,0x0000000db7d00000] [id=6400]

[error occurred during error reporting (printing all threads), id 0xc0000005, EXCEPTION_ACCESS_VIOLATION (0xc0000005) at pc=0x00007ffc711e1257]

VM state:not at safepoint (not fully initialized)

VM Mutex/Monitor currently owned by a thread:  ([mutex/lock_event])
[0x000001d47763cf80] Heap_lock - owner thread: 0x000001d477644000

Heap address: 0x0000000701e00000, size: 4066 MB, Compressed Oops mode: Zero based, Oop shift amount: 3
Narrow klass base: 0x0000000000000000, Narrow klass shift: 0

GC Heap History (0 events):
No events

Deoptimization events (0 events):
No events

Classes unloaded (0 events):
No events

Classes redefined (0 events):
No events

Internal exceptions (0 events):
No events

Events (2 events):
Event: 0.023 Loaded shared library C:\Program Files\Java\jdk-14.0.1\bin\java.dll
Event: 0.026 Loaded shared library C:\Program Files\Java\jdk-14.0.1\bin\zip.dll


Dynamic libraries:
0x00007ff656ae0000 - 0x00007ff656aef000 	C:\Program Files\Java\jdk-14.0.1\bin\java.exe
0x00007ffcb64f0000 - 0x00007ffcb66dd000 	C:\WINDOWS\SYSTEM32\ntdll.dll
0x00007ffcb5df0000 - 0x00007ffcb5ea3000 	C:\WINDOWS\System32\KERNEL32.DLL
0x00007ffcb2960000 - 0x00007ffcb2bf5000 	C:\WINDOWS\System32\KERNELBASE.dll
0x00007ffcb25a0000 - 0x00007ffcb269a000 	C:\WINDOWS\System32\ucrtbase.dll
0x00007ffca8d60000 - 0x00007ffca8d78000 	C:\Program Files\Java\jdk-14.0.1\bin\jli.dll
0x00007ffca7520000 - 0x00007ffca7535000 	C:\Program Files\Java\jdk-14.0.1\bin\VCRUNTIME140.dll
0x00007ffcb57b0000 - 0x00007ffcb5853000 	C:\WINDOWS\System32\ADVAPI32.dll
0x00007ffcb5230000 - 0x00007ffcb52ce000 	C:\WINDOWS\System32\msvcrt.dll
0x00007ffcb5120000 - 0x00007ffcb51bf000 	C:\WINDOWS\System32\sechost.dll
0x00007ffcb5520000 - 0x00007ffcb5642000 	C:\WINDOWS\System32\RPCRT4.dll
0x00007ffcb52d0000 - 0x00007ffcb5467000 	C:\WINDOWS\System32\USER32.dll
0x00007ffca17b0000 - 0x00007ffca1a29000 	C:\WINDOWS\WinSxS\amd64_microsoft.windows.common-controls_6595b64144ccf1df_6.0.17763.1637_none_de704308534c3ec5\COMCTL32.dll
0x00007ffcb34b0000 - 0x00007ffcb34d0000 	C:\WINDOWS\System32\win32u.dll
0x00007ffcb39d0000 - 0x00007ffcb39f9000 	C:\WINDOWS\System32\GDI32.dll
0x00007ffcb5f80000 - 0x00007ffcb62ae000 	C:\WINDOWS\System32\combase.dll
0x00007ffcb3570000 - 0x00007ffcb370c000 	C:\WINDOWS\System32\gdi32full.dll
0x00007ffcb2c00000 - 0x00007ffcb2c7f000 	C:\WINDOWS\System32\bcryptPrimitives.dll
0x00007ffcb34d0000 - 0x00007ffcb3570000 	C:\WINDOWS\System32\msvcp_win.dll
0x00007ffca63a0000 - 0x00007ffca63aa000 	C:\WINDOWS\SYSTEM32\VERSION.dll
0x00007ffcb37a0000 - 0x00007ffcb37ce000 	C:\WINDOWS\System32\IMM32.DLL
0x00007ffc89d90000 - 0x00007ffc89e43000 	C:\Program Files\McAfee\Endpoint Security\Threat Prevention\Ips\EpMPApi.dll
0x00007ffcb2900000 - 0x00007ffcb2959000 	C:\WINDOWS\System32\WINTRUST.dll
0x00007ffcb2580000 - 0x00007ffcb2592000 	C:\WINDOWS\System32\MSASN1.dll
0x00007ffcb2720000 - 0x00007ffcb28fc000 	C:\WINDOWS\System32\CRYPT32.dll
0x000000005e0f0000 - 0x000000005e0fc000 	C:\Program Files\McAfee\Endpoint Security\Threat Prevention\Ips\EpMPThe.dll
0x00007ffc89d30000 - 0x00007ffc89d88000 	C:\Program Files\McAfee\Endpoint Security\Threat Prevention\Ips\HIPHandlers64.dll
0x00007ffcb5d90000 - 0x00007ffcb5de2000 	C:\WINDOWS\System32\SHLWAPI.dll
0x00007ffca21f0000 - 0x00007ffca23dd000 	C:\WINDOWS\SYSTEM32\dbghelp.dll
0x00007ffc83480000 - 0x00007ffc8351b000 	C:\Program Files\Java\jdk-14.0.1\bin\msvcp140.dll
0x00007ffc70f30000 - 0x00007ffc71a4e000 	C:\Program Files\Java\jdk-14.0.1\bin\server\jvm.dll
0x00007ffcb50b0000 - 0x00007ffcb50b8000 	C:\WINDOWS\System32\PSAPI.DLL
0x00007ffc9a770000 - 0x00007ffc9a779000 	C:\WINDOWS\SYSTEM32\WSOCK32.dll
0x00007ffcb51c0000 - 0x00007ffcb522d000 	C:\WINDOWS\System32\WS2_32.dll
0x00007ffcb0380000 - 0x00007ffcb03a4000 	C:\WINDOWS\SYSTEM32\WINMM.dll
0x00007ffcb0350000 - 0x00007ffcb037d000 	C:\WINDOWS\SYSTEM32\WINMMBASE.dll
0x00007ffcb26d0000 - 0x00007ffcb271a000 	C:\WINDOWS\System32\cfgmgr32.dll
0x00007ffcb2500000 - 0x00007ffcb2511000 	C:\WINDOWS\System32\kernel.appcore.dll
0x00007ffca7510000 - 0x00007ffca751a000 	C:\Program Files\Java\jdk-14.0.1\bin\jimage.dll
0x00007ffc94090000 - 0x00007ffc940ba000 	C:\WINDOWS\SYSTEM32\dbgcore.DLL
0x00007ffca74e0000 - 0x00007ffca74ee000 	C:\Program Files\Java\jdk-14.0.1\bin\instrument.dll
0x00007ffca7300000 - 0x00007ffca7325000 	C:\Program Files\Java\jdk-14.0.1\bin\java.dll
0x00007ffca72e0000 - 0x00007ffca72f6000 	C:\Program Files\Java\jdk-14.0.1\bin\zip.dll

dbghelp: loaded successfully - version: 4.0.5 - missing functions: none
symbol engine: initialized successfully - sym options: 0x614 - pdb path: .;C:\Program Files\Java\jdk-14.0.1\bin;C:\WINDOWS\SYSTEM32;C:\WINDOWS\WinSxS\amd64_microsoft.windows.common-controls_6595b64144ccf1df_6.0.17763.1637_none_de704308534c3ec5;C:\Program Files\McAfee\Endpoint Security\Threat Prevention\Ips;C:\Program Files\Java\jdk-14.0.1\bin\server

VM Arguments:
jvm_args: -Dmaven.multiModuleProjectDirectory=C:\Billy\github\JavaExample -Dmaven.home=C:\Program Files\JetBrains\IntelliJ IDEA Community Edition 2020.1.2\plugins\maven\lib\maven3 -Dclassworlds.conf=C:\Program Files\JetBrains\IntelliJ IDEA Community Edition 2020.1.2\plugins\maven\lib\maven3\bin\m2.conf -Dmaven.ext.class.path=C:\Program Files\JetBrains\IntelliJ IDEA Community Edition 2020.1.2\plugins\maven\lib\maven-event-listener.jar -javaagent:C:\Program Files\JetBrains\IntelliJ IDEA Community Edition 2020.1.2\lib\idea_rt.jar=62178:C:\Program Files\JetBrains\IntelliJ IDEA Community Edition 2020.1.2\bin -Dfile.encoding=UTF-8 
java_command: org.codehaus.classworlds.Launcher -Didea.version=2020.3.1 clean
java_class_path (initial): C:\Program Files\JetBrains\IntelliJ IDEA Community Edition 2020.1.2\plugins\maven\lib\maven3\boot\plexus-classworlds-2.6.0.jar;C:\Program Files\JetBrains\IntelliJ IDEA Community Edition 2020.1.2\plugins\maven\lib\maven3\boot\plexus-classworlds.license
Launcher Type: SUN_STANDARD

[Global flags]
     intx CICompilerCount                          = 3                                         {product} {ergonomic}
     uint ConcGCThreads                            = 1                                         {product} {ergonomic}
     uint G1ConcRefinementThreads                  = 4                                         {product} {ergonomic}
   size_t G1HeapRegionSize                         = 1048576                                   {product} {ergonomic}
    uintx GCDrainStackTargetSize                   = 64                                        {product} {ergonomic}
   size_t InitialHeapSize                          = 268435456                                 {product} {ergonomic}
   size_t MarkStackSize                            = 4194304                                   {product} {ergonomic}
   size_t MaxHeapSize                              = 4263510016                                {product} {ergonomic}
   size_t MinHeapDeltaBytes                        = 1048576                                   {product} {ergonomic}
   size_t MinHeapSize                              = 8388608                                   {product} {ergonomic}
    uintx NonNMethodCodeHeapSize                   = 5832780                                {pd product} {ergonomic}
    uintx NonProfiledCodeHeapSize                  = 122912730                              {pd product} {ergonomic}
    uintx ProfiledCodeHeapSize                     = 122912730                              {pd product} {ergonomic}
    uintx ReservedCodeCacheSize                    = 251658240                              {pd product} {ergonomic}
     bool SegmentedCodeCache                       = true                                      {product} {ergonomic}
   size_t SoftMaxHeapSize                          = 4263510016                             {manageable} {ergonomic}
     bool UseCompressedClassPointers               = true                                 {lp64_product} {ergonomic}
     bool UseCompressedOops                        = true                                 {lp64_product} {ergonomic}
     bool UseG1GC                                  = true                                      {product} {ergonomic}
     bool UseLargePagesIndividualAllocation        = false                                  {pd product} {ergonomic}

Logging:
Log output configuration:
 #0: stdout all=warning uptime,level,tags
 #1: stderr all=off uptime,level,tags

Environment Variables:
JAVA_HOME=C:\Program Files\Java\jdk-14.0.1
PATH=C:\Python39\Scripts\;C:\Python39\;C:\Program Files (x86)\Common Files\Oracle\Java\javapath;C:\WINDOWS\system32;C:\WINDOWS;C:\WINDOWS\System32\Wbem;C:\WINDOWS\System32\WindowsPowerShell\v1.0\;C:\WINDOWS\System32\OpenSSH\;C:\Program Files\nodejs\;C:\Program Files\Kubernetes\Minikube;C:\Program Files\Docker\Docker\resources\bin;C:\ProgramData\DockerDesktop\version-bin;C:\ProgramData\chocolatey\bin;C:\Program Files\Amazon\AWSCLIV2\;C:\Billy\Install\apache-ant-1.10.8\bin;C:\Program Files\Java\jdk-14.0.1\bin;%M2_HOME%\bin;C:\Program Files\Git\cmd;C:\HashiCorp\Vagrant\bin;C:\Program Files\Java\jre7\bin;C:\Program Files (x86)\scala\bin;C:\Program Files (x86)\scala\bin;C:\ProgramData\chocolatey\lib\gradle\tools\gradle-6.5.1\bin;C:\Program Files (x86)\sbt\bin;C:\Billy\Install\apache-maven-3.6.3\bin;C:\Program Files\PostgreSQL\13\bin;C:\Program Files\PostgreSQL\13\lib;;C:\Program Files (x86)\WinMerge;C:\Users\billyy1\AppData\Local\Microsoft\WindowsApps;C:\Users\billyy1\AppData\Local\Programs\Git\cmd;C:\Users\billyy1\AppData\Local\Programs\Microsoft VS Code\bin;C:\Users\billyy1\AppData\Local\JetBrains\IntelliJ IDEA Community Edition 2020.1.2\bin;C:\Users\billyy1\AppData\Local\atom\bin;C:\Users\billyy1\AppData\Roaming\npm;C:\ProgramData\chocoportable\bin;
USERNAME=BillyY1
OS=Windows_NT
PROCESSOR_IDENTIFIER=Intel64 Family 6 Model 158 Stepping 9, GenuineIntel



---------------  S Y S T E M  ---------------

OS: Windows 10 , 64 bit Build 17763 (10.0.17763.475)
OS uptime: 24 days 3:13 hours

CPU:total 4 (initial active 4) (4 cores per cpu, 1 threads per core) family 6 model 158 stepping 9, cmov, cx8, fxsr, mmx, sse, sse2, sse3, ssse3, sse4.1, sse4.2, popcnt, avx, avx2, aes, clmul, erms, rtm, 3dnowpref, lzcnt, tsc, tscinvbit, bmi1, bmi2, adx, fma

Memory: 4k page, system-wide physical 16262M (1849M free)
TotalPageFile size 46338M (AvailPageFile size 120M)
current process WorkingSet (physical memory assigned to process): 11M, peak: 11M
current process commit charge ("private bytes"): 53M, peak: 309M

vm_info: Java HotSpot(TM) 64-Bit Server VM (14.0.1+7) for windows-amd64 JRE (14.0.1+7), built on Mar  5 2020 10:30:14 by "mach5one" with MS VC++ 15.9 (VS2017)

END.
